2019-12-19 08:17:36.182  INFO 5824 --- [org.springframework.kafka.KafkaListenerEndpointContainer#0-0-C-1] o.a.kafka.clients.FetchSessionHandler    : [Consumer clientId=consumer-1, groupId=test] Error sending fetch request (sessionId=1608858661, epoch=9) to node 54: org.apache.kafka.common.errors.DisconnectException.
2019-12-19 08:17:47.913  WARN 5824 --- [kafka-coordinator-heartbeat-thread | test] org.apache.kafka.clients.NetworkClient   : [Consumer clientId=consumer-1, groupId=test] Error connecting to node kafkalider:9092 (id: 55 rack: null)

java.net.UnknownHostException: kafkalider
	at java.net.Inet6AddressImpl.lookupAllHostAddr(Native Method) ~[na:1.8.0_231]
	at java.net.InetAddress$2.lookupAllHostAddr(InetAddress.java:929) ~[na:1.8.0_231]
	at java.net.InetAddress.getAddressesFromNameService(InetAddress.java:1324) ~[na:1.8.0_231]
	at java.net.InetAddress.getAllByName0(InetAddress.java:1277) ~[na:1.8.0_231]
	at java.net.InetAddress.getAllByName(InetAddress.java:1193) ~[na:1.8.0_231]
	at java.net.InetAddress.getAllByName(InetAddress.java:1127) ~[na:1.8.0_231]
	at org.apache.kafka.clients.ClientUtils.resolve(ClientUtils.java:104) ~[kafka-clients-2.3.1.jar:na]
	at org.apache.kafka.clients.ClusterConnectionStates$NodeConnectionState.currentAddress(ClusterConnectionStates.java:403) ~[kafka-clients-2.3.1.jar:na]
	at org.apache.kafka.clients.ClusterConnectionStates$NodeConnectionState.access$200(ClusterConnectionStates.java:363) ~[kafka-clients-2.3.1.jar:na]
	at org.apache.kafka.clients.ClusterConnectionStates.currentAddress(ClusterConnectionStates.java:151) ~[kafka-clients-2.3.1.jar:na]
	at org.apache.kafka.clients.NetworkClient.initiateConnect(NetworkClient.java:943) [kafka-clients-2.3.1.jar:na]
	at org.apache.kafka.clients.NetworkClient.access$600(NetworkClient.java:68) [kafka-clients-2.3.1.jar:na]
	at org.apache.kafka.clients.NetworkClient$DefaultMetadataUpdater.maybeUpdate(NetworkClient.java:1114) [kafka-clients-2.3.1.jar:na]
	at org.apache.kafka.clients.NetworkClient$DefaultMetadataUpdater.maybeUpdate(NetworkClient.java:1005) [kafka-clients-2.3.1.jar:na]
	at org.apache.kafka.clients.NetworkClient.poll(NetworkClient.java:537) [kafka-clients-2.3.1.jar:na]
	at org.apache.kafka.clients.consumer.internals.ConsumerNetworkClient.poll(ConsumerNetworkClient.java:262) [kafka-clients-2.3.1.jar:na]
	at org.apache.kafka.clients.consumer.internals.ConsumerNetworkClient.pollNoWakeup(ConsumerNetworkClient.java:303) [kafka-clients-2.3.1.jar:na]
	at org.apache.kafka.clients.consumer.internals.AbstractCoordinator$HeartbeatThread.run(AbstractCoordinator.java:1104) [kafka-clients-2.3.1.jar:na]

2019-12-19 08:17:48.772  INFO 5824 --- [kafka-coordinator-heartbeat-thread | test] o.a.k.c.c.internals.AbstractCoordinator  : [Consumer clientId=consumer-1, groupId=test] Group coordinator kafkaslave2:9092 (id: 2147483593 rack: null) is unavailable or invalid, will attempt rediscovery
2019-12-19 08:17:49.860  INFO 5824 --- [org.springframework.kafka.KafkaListenerEndpointContainer#0-0-C-1] o.a.k.c.c.internals.AbstractCoordinator  : [Consumer clientId=consumer-1, groupId=test] Discovered group coordinator kafkaslave2:9092 (id: 2147483593 rack: null)
2019-12-19 08:17:49.909  INFO 5824 --- [org.springframework.kafka.KafkaListenerEndpointContainer#0-0-C-1] o.a.k.c.c.internals.AbstractCoordinator  : [Consumer clientId=consumer-1, groupId=test] Attempt to heartbeat failed for since member id consumer-1-c923303f-8c8b-4e32-ac0e-59b92b907960 is not valid.
2019-12-19 08:17:49.910  INFO 5824 --- [org.springframework.kafka.KafkaListenerEndpointContainer#0-0-C-1] o.a.k.c.c.internals.ConsumerCoordinator  : [Consumer clientId=consumer-1, groupId=test] Revoking previously assigned partitions [test-0]
2019-12-19 08:17:49.933  INFO 5824 --- [org.springframework.kafka.KafkaListenerEndpointContainer#0-0-C-1] o.s.k.l.KafkaMessageListenerContainer    : test: partitions revoked: [test-0]
2019-12-19 08:17:49.933  INFO 5824 --- [org.springframework.kafka.KafkaListenerEndpointContainer#0-0-C-1] o.a.k.c.c.internals.AbstractCoordinator  : [Consumer clientId=consumer-1, groupId=test] (Re-)joining group
2019-12-19 08:17:52.958  INFO 5824 --- [org.springframework.kafka.KafkaListenerEndpointContainer#0-0-C-1] o.a.k.c.c.internals.AbstractCoordinator  : [Consumer clientId=consumer-1, groupId=test] Successfully joined group with generation 19
2019-12-19 08:17:52.958  INFO 5824 --- [org.springframework.kafka.KafkaListenerEndpointContainer#0-0-C-1] o.a.k.c.c.internals.ConsumerCoordinator  : [Consumer clientId=consumer-1, groupId=test] Setting newly assigned partitions: test-0
2019-12-19 08:17:52.966  INFO 5824 --- [org.springframework.kafka.KafkaListenerEndpointContainer#0-0-C-1] o.a.k.c.c.internals.ConsumerCoordinator  : [Consumer clientId=consumer-1, groupId=test] Setting offset for partition test-0 to the committed offset FetchPosition{offset=22, offsetEpoch=Optional.empty, currentLeader=LeaderAndEpoch{leader=kafkaslave2:9092 (id: 54 rack: null), epoch=0}}
2019-12-19 08:17:52.976  INFO 5824 --- [org.springframework.kafka.KafkaListenerEndpointContainer#0-0-C-1] o.s.k.l.KafkaMessageListenerContainer    : test: partitions assigned: [test-0]
2019-12-19 08:22:10.025  INFO 5824 --- [org.springframework.kafka.KafkaListenerEndpointContainer#0-0-C-1] o.a.kafka.clients.FetchSessionHandler    : [Consumer clientId=consumer-1, groupId=test] Error sending fetch request (sessionId=2058860956, epoch=56) to node 54: org.apache.kafka.common.errors.DisconnectException.
2019-12-19 08:22:10.029  INFO 5824 --- [kafka-coordinator-heartbeat-thread | test] o.a.k.c.c.internals.AbstractCoordinator  : [Consumer clientId=consumer-1, groupId=test] Group coordinator kafkaslave2:9092 (id: 2147483593 rack: null) is unavailable or invalid, will attempt rediscovery
2019-12-19 08:22:13.057  INFO 5824 --- [org.springframework.kafka.KafkaListenerEndpointContainer#0-0-C-1] o.a.k.c.c.internals.AbstractCoordinator  : [Consumer clientId=consumer-1, groupId=test] Discovered group coordinator kafkaslave2:9092 (id: 2147483593 rack: null)
2019-12-19 08:22:13.084  INFO 5824 --- [org.springframework.kafka.KafkaListenerEndpointContainer#0-0-C-1] o.a.k.c.c.internals.AbstractCoordinator  : [Consumer clientId=consumer-1, groupId=test] Attempt to heartbeat failed for since member id consumer-1-601334be-a615-4f9d-ba25-3f40f6066530 is not valid.
2019-12-19 08:22:13.084  INFO 5824 --- [org.springframework.kafka.KafkaListenerEndpointContainer#0-0-C-1] o.a.k.c.c.internals.ConsumerCoordinator  : [Consumer clientId=consumer-1, groupId=test] Revoking previously assigned partitions [test-0]
2019-12-19 08:22:13.085  INFO 5824 --- [org.springframework.kafka.KafkaListenerEndpointContainer#0-0-C-1] o.s.k.l.KafkaMessageListenerContainer    : test: partitions revoked: [test-0]
2019-12-19 08:22:13.085  INFO 5824 --- [org.springframework.kafka.KafkaListenerEndpointContainer#0-0-C-1] o.a.k.c.c.internals.AbstractCoordinator  : [Consumer clientId=consumer-1, groupId=test] (Re-)joining group
2019-12-19 08:22:16.105  INFO 5824 --- [org.springframework.kafka.KafkaListenerEndpointContainer#0-0-C-1] o.a.k.c.c.internals.AbstractCoordinator  : [Consumer clientId=consumer-1, groupId=test] Successfully joined group with generation 21
2019-12-19 08:22:16.106  INFO 5824 --- [org.springframework.kafka.KafkaListenerEndpointContainer#0-0-C-1] o.a.k.c.c.internals.ConsumerCoordinator  : [Consumer clientId=consumer-1, groupId=test] Setting newly assigned partitions: test-0
2019-12-19 08:22:16.113  INFO 5824 --- [org.springframework.kafka.KafkaListenerEndpointContainer#0-0-C-1] o.a.k.c.c.internals.ConsumerCoordinator  : [Consumer clientId=consumer-1, groupId=test] Setting offset for partition test-0 to the committed offset FetchPosition{offset=22, offsetEpoch=Optional.empty, currentLeader=LeaderAndEpoch{leader=kafkaslave2:9092 (id: 54 rack: null), epoch=0}}
2019-12-19 08:22:16.236  INFO 5824 --- [org.springframework.kafka.KafkaListenerEndpointContainer#0-0-C-1] o.s.k.l.KafkaMessageListenerContainer    : test: partitions assigned: [test-0]
2019-12-19 08:24:39.203  INFO 5824 --- [org.springframework.kafka.KafkaListenerEndpointContainer#0-0-C-1] c.g.kafkaservices.consumers.Consumer     : #### -> Consumed message -> El emisor asociado con el identificador 1ha sido eliminado.
2019-12-19 08:25:24.882  INFO 5824 --- [org.springframework.kafka.KafkaListenerEndpointContainer#0-0-C-1] c.g.kafkaservices.consumers.Consumer     : #### -> Consumed message -> El emisor asociado con el identificador 3603ha sido eliminado.
